
RAxML-NG v. 0.8.0 BETA released on 11.01.2019 by The Exelixis Lab.
Authors: Alexey Kozlov, Alexandros Stamatakis, Diego Darriba, Tomas Flouri, Benoit Morel.
Latest version: https://github.com/amkozlov/raxml-ng
Questions/problems/suggestions? Please visit: https://groups.google.com/forum/#!forum/raxml

WARNING: This is a BETA release, please use at your own risk!

RAxML-NG was called at 14-Apr-2019 17:57:27 as follows:

raxml-ng --check --msa sc_concat_alignment.fa --model GTR+G --prefix A1

Analysis options:
  run mode: Alignment validation
  start tree(s): 
  random seed: 1555282647
  SIMD kernels: AVX
  parallelization: PTHREADS (8 threads), thread pinning: OFF

[00:00:00] Reading alignment from file: sc_concat_alignment.fa
[00:00:00] Loaded alignment with 57 taxa and 7650 sites

Alignment comprises 1 partitions and 7650 patterns

Partition 0: noname
Model: GTR+FO+G4m
Alignment sites / patterns: 7650 / 7650
Gaps: 60.04 %
Invariant sites: 60.26 %


Alignment can be successfully read by RAxML-NG.


Execution log saved to: /home/amruta03/eeob563/eeob563/sc_data/A1.raxml.log

Analysis started: 14-Apr-2019 17:57:27 / finished: 14-Apr-2019 17:57:27

Elapsed time: 0.022 seconds

