
RAxML-NG v. 0.8.0 BETA released on 11.01.2019 by The Exelixis Lab.
Authors: Alexey Kozlov, Alexandros Stamatakis, Diego Darriba, Tomas Flouri, Benoit Morel.
Latest version: https://github.com/amkozlov/raxml-ng
Questions/problems/suggestions? Please visit: https://groups.google.com/forum/#!forum/raxml

WARNING: This is a BETA release, please use at your own risk!

RAxML-NG was called at 14-Apr-2019 17:30:15 as follows:

raxml-ng --all --bs-trees 10 --msa 16SrRNA_alignment.fa --outgroup B_subtilis --model GTR+G --prefix BS2 --seed 2 --threads 2 --bs-metric fbp,tbe --redo

Analysis options:
  run mode: ML tree search + bootstrapping (Felsenstein Bootstrap + Transfer Bootstrap)
  start tree(s): random (10) + parsimony (10)
  bootstrap replicates: 10
  random seed: 2
  tip-inner: OFF
  pattern compression: ON
  per-rate scalers: OFF
  site repeats: ON
  branch lengths: proportional (ML estimate, algorithm: NR-FAST)
  SIMD kernels: AVX
  parallelization: PTHREADS (2 threads), thread pinning: OFF

WARNING: Running in REDO mode: existing checkpoints are ignored, and all result files will be overwritten!

[00:00:00] Reading alignment from file: 16SrRNA_alignment.fa
[00:00:00] Loaded alignment with 57 taxa and 1568 sites

Alignment comprises 1 partitions and 307 patterns

Partition 0: noname
Model: GTR+FO+G4m
Alignment sites / patterns: 1568 / 307
Gaps: 5.22 %
Invariant sites: 4.53 %


NOTE: Binary MSA file created: BS2.raxml.rba

[00:00:00] Generating 10 random starting tree(s) with 57 taxa
[00:00:00] Generating 10 parsimony starting tree(s) with 57 taxa
[00:00:00] Data distribution: max. partitions/sites/weight per thread: 1 / 154 / 2464

Starting ML tree search with 20 distinct starting trees

[00:00:04] ML tree search #1, logLikelihood: -6061.873683
[00:00:09] ML tree search #2, logLikelihood: -6075.237415
[00:00:14] ML tree search #3, logLikelihood: -6061.876596
[00:00:20] ML tree search #4, logLikelihood: -6061.873196
[00:00:24] ML tree search #5, logLikelihood: -6061.874612
[00:00:28] ML tree search #6, logLikelihood: -6061.873630
[00:00:32] ML tree search #7, logLikelihood: -6061.873369
[00:00:37] ML tree search #8, logLikelihood: -6061.873280
[00:00:41] ML tree search #9, logLikelihood: -6061.876732
[00:00:45] ML tree search #10, logLikelihood: -6061.873040
[00:00:48] ML tree search #11, logLikelihood: -6061.651073
[00:00:51] ML tree search #12, logLikelihood: -6062.082625
[00:00:56] ML tree search #13, logLikelihood: -6061.873358
[00:01:02] ML tree search #14, logLikelihood: -6061.874402
[00:01:06] ML tree search #15, logLikelihood: -6061.874867
[00:01:10] ML tree search #16, logLikelihood: -6061.878182
[00:01:13] ML tree search #17, logLikelihood: -6061.654075
[00:01:17] ML tree search #18, logLikelihood: -6061.650114
[00:01:21] ML tree search #19, logLikelihood: -6068.217614
[00:01:24] ML tree search #20, logLikelihood: -6061.873777

[00:01:24] ML tree search completed, best tree logLH: -6061.650114

[00:01:24] Starting bootstrapping analysis with 10 replicates.

[00:01:28] Bootstrap tree #1, logLikelihood: -5832.321097
[00:01:32] Bootstrap tree #2, logLikelihood: -5631.165475
[00:01:35] Bootstrap tree #3, logLikelihood: -5614.172542
[00:01:38] Bootstrap tree #4, logLikelihood: -5996.982366
[00:01:42] Bootstrap tree #5, logLikelihood: -5948.571971
[00:01:48] Bootstrap tree #6, logLikelihood: -6240.281279
[00:01:52] Bootstrap tree #7, logLikelihood: -5993.210518
[00:01:55] Bootstrap tree #8, logLikelihood: -6073.002122
[00:01:59] Bootstrap tree #9, logLikelihood: -6144.386352
[00:02:02] Bootstrap tree #10, logLikelihood: -5704.597308

Optimized model parameters:

   Partition 0: noname
   Rate heterogeneity: GAMMA (4 cats, mean),  alpha: 0.123885 (ML),  weights&rates: (0.250000,0.000008) (0.250000,0.004085) (0.250000,0.162561) (0.250000,3.833347) 
   Base frequencies (ML): 0.263338 0.222092 0.293271 0.221299 
   Substitution rates (ML): 1.540324 4.697339 1.484285 0.448383 7.216191 1.000000 

Final LogLikelihood: -6061.650114

AIC score: 12363.300227 / AICc score: 12383.369336 / BIC score: 13006.206971
Free parameters (model + branch lengths): 120

All ML trees saved to: /home/amruta03/eeob563/eeob563/16SrRNA_files/BS2.raxml.mlTrees
Best ML tree saved to: /home/amruta03/eeob563/eeob563/16SrRNA_files/BS2.raxml.bestTree
Best ML tree with Felsenstein bootstrap (FBP) support values saved to: /home/amruta03/eeob563/eeob563/16SrRNA_files/BS2.raxml.supportFBP
Best ML tree with Transfer bootstrap (TBE) support values saved to: /home/amruta03/eeob563/eeob563/16SrRNA_files/BS2.raxml.supportTBE
Optimized model saved to: /home/amruta03/eeob563/eeob563/16SrRNA_files/BS2.raxml.bestModel
Bootstrap trees saved to: /home/amruta03/eeob563/eeob563/16SrRNA_files/BS2.raxml.bootstraps

Execution log saved to: /home/amruta03/eeob563/eeob563/16SrRNA_files/BS2.raxml.log

Analysis started: 14-Apr-2019 17:30:15 / finished: 14-Apr-2019 17:32:18

Elapsed time: 122.769 seconds

