
RAxML-NG v. 0.8.0 BETA released on 11.01.2019 by The Exelixis Lab.
Authors: Alexey Kozlov, Alexandros Stamatakis, Diego Darriba, Tomas Flouri, Benoit Morel.
Latest version: https://github.com/amkozlov/raxml-ng
Questions/problems/suggestions? Please visit: https://groups.google.com/forum/#!forum/raxml

WARNING: This is a BETA release, please use at your own risk!

RAxML-NG was called at 14-Apr-2019 17:03:32 as follows:

raxml-ng --msa 16SrRNA_alignment.fa --outgroup B_subtilis --model GTR+G --prefix O1

Analysis options:
  run mode: ML tree search
  start tree(s): random (10) + parsimony (10)
  random seed: 1555279412
  tip-inner: OFF
  pattern compression: ON
  per-rate scalers: OFF
  site repeats: ON
  fast spr radius: AUTO
  spr subtree cutoff: 1.000000
  branch lengths: proportional (ML estimate, algorithm: NR-FAST)
  SIMD kernels: AVX
  parallelization: PTHREADS (8 threads), thread pinning: OFF

[00:00:00] Reading alignment from file: 16SrRNA_alignment.fa
[00:00:00] Loaded alignment with 57 taxa and 1568 sites

Alignment comprises 1 partitions and 307 patterns

Partition 0: noname
Model: GTR+FO+G4m
Alignment sites / patterns: 1568 / 307
Gaps: 5.22 %
Invariant sites: 4.53 %


NOTE: Binary MSA file created: O1.raxml.rba


WARNING: You might be using too many threads (8) for your alignment with 307 unique patterns.
NOTE:    For the optimal throughput, please consider using fewer threads 
NOTE:    and parallelize across starting trees/bootstrap replicates.
NOTE:    As a general rule-of-thumb, please assign at least 200-1000 alignment patterns per thread.

[00:00:00] Generating 10 random starting tree(s) with 57 taxa
[00:00:00] Generating 10 parsimony starting tree(s) with 57 taxa
[00:00:00] Data distribution: max. partitions/sites/weight per thread: 1 / 39 / 624

Starting ML tree search with 20 distinct starting trees

[00:00:00 -12552.922640] Initial branch length optimization
[00:00:00 -10032.087229] Model parameter optimization (eps = 10.000000)
[00:00:00 -8374.997995] AUTODETECT spr round 1 (radius: 5)
[00:00:00 -6765.041952] AUTODETECT spr round 2 (radius: 10)
[00:00:00 -6313.080685] AUTODETECT spr round 3 (radius: 15)
[00:00:00 -6308.524287] AUTODETECT spr round 4 (radius: 20)
[00:00:00 -6308.521471] SPR radius for FAST iterations: 15 (autodetect)
[00:00:00 -6308.521471] Model parameter optimization (eps = 3.000000)
[00:00:00 -6288.727440] FAST spr round 1 (radius: 15)
[00:00:01 -6092.250082] FAST spr round 2 (radius: 15)
[00:00:01 -6074.658044] FAST spr round 3 (radius: 15)
[00:00:01 -6071.673519] FAST spr round 4 (radius: 15)
[00:00:01 -6069.889797] FAST spr round 5 (radius: 15)
[00:00:01 -6062.462313] FAST spr round 6 (radius: 15)
[00:00:01 -6062.290661] FAST spr round 7 (radius: 15)
[00:00:02 -6062.290333] Model parameter optimization (eps = 1.000000)
[00:00:02 -6061.888636] SLOW spr round 1 (radius: 5)
[00:00:02 -6061.887056] SLOW spr round 2 (radius: 10)
[00:00:03 -6061.887034] SLOW spr round 3 (radius: 15)
[00:00:03 -6061.887034] SLOW spr round 4 (radius: 20)
[00:00:03 -6061.887034] SLOW spr round 5 (radius: 25)
[00:00:03 -6061.887034] Model parameter optimization (eps = 0.100000)

[00:00:03] ML tree search #1, logLikelihood: -6061.873538

[00:00:03 -12424.640014] Initial branch length optimization
[00:00:03 -9921.767552] Model parameter optimization (eps = 10.000000)
[00:00:03 -8311.672568] AUTODETECT spr round 1 (radius: 5)
[00:00:04 -6740.745966] AUTODETECT spr round 2 (radius: 10)
[00:00:04 -6332.204265] AUTODETECT spr round 3 (radius: 15)
[00:00:04 -6332.188195] SPR radius for FAST iterations: 10 (autodetect)
[00:00:04 -6332.188195] Model parameter optimization (eps = 3.000000)
[00:00:04 -6312.351937] FAST spr round 1 (radius: 10)
[00:00:04 -6068.886011] FAST spr round 2 (radius: 10)
[00:00:04 -6062.621941] FAST spr round 3 (radius: 10)
[00:00:04 -6062.621936] Model parameter optimization (eps = 1.000000)
[00:00:05 -6061.704246] SLOW spr round 1 (radius: 5)
[00:00:05 -6061.693533] SLOW spr round 2 (radius: 10)
[00:00:05 -6061.693316] SLOW spr round 3 (radius: 15)
[00:00:06 -6061.693311] SLOW spr round 4 (radius: 20)
[00:00:06 -6061.693311] SLOW spr round 5 (radius: 25)
[00:00:06 -6061.693311] Model parameter optimization (eps = 0.100000)

[00:00:06] ML tree search #2, logLikelihood: -6061.653852

[00:00:06 -12523.804502] Initial branch length optimization
[00:00:06 -10018.199402] Model parameter optimization (eps = 10.000000)
[00:00:06 -8386.185194] AUTODETECT spr round 1 (radius: 5)
[00:00:06 -6513.810392] AUTODETECT spr round 2 (radius: 10)
[00:00:06 -6263.769438] AUTODETECT spr round 3 (radius: 15)
[00:00:07 -6220.224934] AUTODETECT spr round 4 (radius: 20)
[00:00:07 -6220.196113] SPR radius for FAST iterations: 15 (autodetect)
[00:00:07 -6220.196113] Model parameter optimization (eps = 3.000000)
[00:00:07 -6201.571883] FAST spr round 1 (radius: 15)
[00:00:07 -6078.610452] FAST spr round 2 (radius: 15)
[00:00:07 -6077.165059] FAST spr round 3 (radius: 15)
[00:00:07 -6076.844958] FAST spr round 4 (radius: 15)
[00:00:08 -6076.093491] FAST spr round 5 (radius: 15)
[00:00:08 -6075.755347] FAST spr round 6 (radius: 15)
[00:00:08 -6074.547866] FAST spr round 7 (radius: 15)
[00:00:08 -6074.547864] Model parameter optimization (eps = 1.000000)
[00:00:08 -6073.746766] SLOW spr round 1 (radius: 5)
[00:00:09 -6061.966100] SLOW spr round 2 (radius: 5)
[00:00:09 -6061.966062] SLOW spr round 3 (radius: 10)
[00:00:10 -6061.966062] SLOW spr round 4 (radius: 15)
[00:00:10 -6061.966062] SLOW spr round 5 (radius: 20)
[00:00:10 -6061.966062] SLOW spr round 6 (radius: 25)
[00:00:10 -6061.966062] Model parameter optimization (eps = 0.100000)

[00:00:10] ML tree search #3, logLikelihood: -6061.879785

[00:00:10 -12423.537814] Initial branch length optimization
[00:00:10 -9979.286215] Model parameter optimization (eps = 10.000000)
[00:00:10 -8355.759163] AUTODETECT spr round 1 (radius: 5)
[00:00:10 -6643.850049] AUTODETECT spr round 2 (radius: 10)
[00:00:11 -6329.050569] AUTODETECT spr round 3 (radius: 15)
[00:00:11 -6282.493052] AUTODETECT spr round 4 (radius: 20)
[00:00:11 -6282.478052] SPR radius for FAST iterations: 15 (autodetect)
[00:00:11 -6282.478052] Model parameter optimization (eps = 3.000000)
[00:00:11 -6262.147522] FAST spr round 1 (radius: 15)
[00:00:11 -6109.815059] FAST spr round 2 (radius: 15)
[00:00:11 -6077.215856] FAST spr round 3 (radius: 15)
[00:00:11 -6076.259849] FAST spr round 4 (radius: 15)
[00:00:12 -6075.424667] FAST spr round 5 (radius: 15)
[00:00:12 -6074.704448] FAST spr round 6 (radius: 15)
[00:00:12 -6074.597718] FAST spr round 7 (radius: 15)
[00:00:12 -6074.597687] Model parameter optimization (eps = 1.000000)
[00:00:12 -6073.735351] SLOW spr round 1 (radius: 5)
[00:00:13 -6061.972827] SLOW spr round 2 (radius: 5)
[00:00:13 -6061.972792] SLOW spr round 3 (radius: 10)
[00:00:14 -6061.972791] SLOW spr round 4 (radius: 15)
[00:00:14 -6061.972791] SLOW spr round 5 (radius: 20)
[00:00:14 -6061.972791] SLOW spr round 6 (radius: 25)
[00:00:14 -6061.972791] Model parameter optimization (eps = 0.100000)

[00:00:14] ML tree search #4, logLikelihood: -6061.880360

[00:00:14 -12535.865140] Initial branch length optimization
[00:00:14 -10131.316015] Model parameter optimization (eps = 10.000000)
[00:00:14 -8447.425320] AUTODETECT spr round 1 (radius: 5)
[00:00:14 -6647.811986] AUTODETECT spr round 2 (radius: 10)
[00:00:15 -6255.659732] AUTODETECT spr round 3 (radius: 15)
[00:00:15 -6255.585007] SPR radius for FAST iterations: 10 (autodetect)
[00:00:15 -6255.585007] Model parameter optimization (eps = 3.000000)
[00:00:15 -6237.618463] FAST spr round 1 (radius: 10)
[00:00:15 -6088.604722] FAST spr round 2 (radius: 10)
[00:00:15 -6087.869986] FAST spr round 3 (radius: 10)
[00:00:15 -6087.837177] Model parameter optimization (eps = 1.000000)
[00:00:16 -6087.459640] SLOW spr round 1 (radius: 5)
[00:00:16 -6086.772207] SLOW spr round 2 (radius: 5)
[00:00:16 -6086.771888] SLOW spr round 3 (radius: 10)
[00:00:17 -6086.771884] SLOW spr round 4 (radius: 15)
[00:00:17 -6086.771884] SLOW spr round 5 (radius: 20)
[00:00:18 -6086.771884] SLOW spr round 6 (radius: 25)
[00:00:18 -6086.771884] Model parameter optimization (eps = 0.100000)

[00:00:18] ML tree search #5, logLikelihood: -6086.728598

[00:00:18 -12566.842883] Initial branch length optimization
[00:00:18 -10136.820779] Model parameter optimization (eps = 10.000000)
[00:00:18 -8437.800227] AUTODETECT spr round 1 (radius: 5)
[00:00:18 -6625.829156] AUTODETECT spr round 2 (radius: 10)
[00:00:18 -6296.240638] AUTODETECT spr round 3 (radius: 15)
[00:00:18 -6296.237875] SPR radius for FAST iterations: 10 (autodetect)
[00:00:18 -6296.237875] Model parameter optimization (eps = 3.000000)
[00:00:18 -6281.260863] FAST spr round 1 (radius: 10)
[00:00:19 -6080.675287] FAST spr round 2 (radius: 10)
[00:00:19 -6074.450177] FAST spr round 3 (radius: 10)
[00:00:19 -6069.729073] FAST spr round 4 (radius: 10)
[00:00:19 -6062.353757] FAST spr round 5 (radius: 10)
[00:00:19 -6062.353655] Model parameter optimization (eps = 1.000000)
[00:00:19 -6061.889492] SLOW spr round 1 (radius: 5)
[00:00:20 -6061.887402] SLOW spr round 2 (radius: 10)
[00:00:20 -6061.887362] SLOW spr round 3 (radius: 15)
[00:00:21 -6061.887361] SLOW spr round 4 (radius: 20)
[00:00:21 -6061.887361] SLOW spr round 5 (radius: 25)
[00:00:21 -6061.887361] Model parameter optimization (eps = 0.100000)

[00:00:21] ML tree search #6, logLikelihood: -6061.872971

[00:00:21 -12497.045596] Initial branch length optimization
[00:00:21 -10035.917133] Model parameter optimization (eps = 10.000000)
[00:00:21 -8397.832091] AUTODETECT spr round 1 (radius: 5)
[00:00:21 -6584.629447] AUTODETECT spr round 2 (radius: 10)
[00:00:21 -6307.896681] AUTODETECT spr round 3 (radius: 15)
[00:00:21 -6307.882844] SPR radius for FAST iterations: 10 (autodetect)
[00:00:21 -6307.882844] Model parameter optimization (eps = 3.000000)
[00:00:21 -6292.557928] FAST spr round 1 (radius: 10)
[00:00:22 -6082.511436] FAST spr round 2 (radius: 10)
[00:00:22 -6077.207685] FAST spr round 3 (radius: 10)
[00:00:22 -6076.032386] FAST spr round 4 (radius: 10)
[00:00:22 -6075.243597] FAST spr round 5 (radius: 10)
[00:00:22 -6074.711975] FAST spr round 6 (radius: 10)
[00:00:22 -6074.595647] FAST spr round 7 (radius: 10)
[00:00:23 -6074.595616] Model parameter optimization (eps = 1.000000)
[00:00:23 -6073.716815] SLOW spr round 1 (radius: 5)
[00:00:23 -6062.014382] SLOW spr round 2 (radius: 5)
[00:00:24 -6062.014314] SLOW spr round 3 (radius: 10)
[00:00:24 -6062.014313] SLOW spr round 4 (radius: 15)
[00:00:25 -6062.014313] SLOW spr round 5 (radius: 20)
[00:00:25 -6062.014313] SLOW spr round 6 (radius: 25)
[00:00:25 -6062.014313] Model parameter optimization (eps = 0.100000)

[00:00:25] ML tree search #7, logLikelihood: -6061.873414

[00:00:25 -12439.767827] Initial branch length optimization
[00:00:25 -9931.724916] Model parameter optimization (eps = 10.000000)
[00:00:25 -8327.069229] AUTODETECT spr round 1 (radius: 5)
[00:00:25 -6498.238486] AUTODETECT spr round 2 (radius: 10)
[00:00:25 -6330.458314] AUTODETECT spr round 3 (radius: 15)
[00:00:25 -6330.447680] SPR radius for FAST iterations: 10 (autodetect)
[00:00:25 -6330.447680] Model parameter optimization (eps = 3.000000)
[00:00:25 -6312.302711] FAST spr round 1 (radius: 10)
[00:00:26 -6097.996736] FAST spr round 2 (radius: 10)
[00:00:26 -6066.288491] FAST spr round 3 (radius: 10)
[00:00:26 -6065.071033] FAST spr round 4 (radius: 10)
[00:00:26 -6063.622919] FAST spr round 5 (radius: 10)
[00:00:26 -6063.582724] Model parameter optimization (eps = 1.000000)
[00:00:26 -6062.447233] SLOW spr round 1 (radius: 5)
[00:00:27 -6061.684904] SLOW spr round 2 (radius: 5)
[00:00:27 -6061.684859] SLOW spr round 3 (radius: 10)
[00:00:28 -6061.684859] SLOW spr round 4 (radius: 15)
[00:00:28 -6061.684859] SLOW spr round 5 (radius: 20)
[00:00:28 -6061.684859] SLOW spr round 6 (radius: 25)
[00:00:28 -6061.684859] Model parameter optimization (eps = 0.100000)

[00:00:28] ML tree search #8, logLikelihood: -6061.650885

[00:00:28 -12524.783438] Initial branch length optimization
[00:00:28 -10069.350161] Model parameter optimization (eps = 10.000000)
[00:00:29 -8441.999300] AUTODETECT spr round 1 (radius: 5)
[00:00:29 -7029.804900] AUTODETECT spr round 2 (radius: 10)
[00:00:29 -6351.455398] AUTODETECT spr round 3 (radius: 15)
[00:00:29 -6351.450699] SPR radius for FAST iterations: 10 (autodetect)
[00:00:29 -6351.450699] Model parameter optimization (eps = 3.000000)
[00:00:29 -6340.983822] FAST spr round 1 (radius: 10)
[00:00:29 -6083.150335] FAST spr round 2 (radius: 10)
[00:00:30 -6077.195878] FAST spr round 3 (radius: 10)
[00:00:30 -6076.873674] FAST spr round 4 (radius: 10)
[00:00:30 -6075.597520] FAST spr round 5 (radius: 10)
[00:00:30 -6075.495282] FAST spr round 6 (radius: 10)
[00:00:30 -6075.460601] Model parameter optimization (eps = 1.000000)
[00:00:30 -6074.548411] SLOW spr round 1 (radius: 5)
[00:00:31 -6062.018763] SLOW spr round 2 (radius: 5)
[00:00:31 -6062.018598] SLOW spr round 3 (radius: 10)
[00:00:32 -6062.018596] SLOW spr round 4 (radius: 15)
[00:00:32 -6062.018596] SLOW spr round 5 (radius: 20)
[00:00:32 -6062.018596] SLOW spr round 6 (radius: 25)
[00:00:32 -6062.018596] Model parameter optimization (eps = 0.100000)

[00:00:32] ML tree search #9, logLikelihood: -6061.873204

[00:00:32 -12488.055744] Initial branch length optimization
[00:00:32 -10038.796890] Model parameter optimization (eps = 10.000000)
[00:00:32 -8381.662890] AUTODETECT spr round 1 (radius: 5)
[00:00:33 -6679.471297] AUTODETECT spr round 2 (radius: 10)
[00:00:33 -6223.026889] AUTODETECT spr round 3 (radius: 15)
[00:00:33 -6211.713364] AUTODETECT spr round 4 (radius: 20)
[00:00:33 -6211.712553] SPR radius for FAST iterations: 15 (autodetect)
[00:00:33 -6211.712553] Model parameter optimization (eps = 3.000000)
[00:00:33 -6196.968436] FAST spr round 1 (radius: 15)
[00:00:33 -6087.542714] FAST spr round 2 (radius: 15)
[00:00:33 -6073.093377] FAST spr round 3 (radius: 15)
[00:00:34 -6064.083446] FAST spr round 4 (radius: 15)
[00:00:34 -6062.569393] FAST spr round 5 (radius: 15)
[00:00:34 -6062.569158] Model parameter optimization (eps = 1.000000)
[00:00:34 -6061.702110] SLOW spr round 1 (radius: 5)
[00:00:34 -6061.701244] SLOW spr round 2 (radius: 10)
[00:00:35 -6061.701232] SLOW spr round 3 (radius: 15)
[00:00:35 -6061.701232] SLOW spr round 4 (radius: 20)
[00:00:35 -6061.701232] SLOW spr round 5 (radius: 25)
[00:00:35 -6061.701232] Model parameter optimization (eps = 0.100000)

[00:00:36] ML tree search #10, logLikelihood: -6061.650499

[00:00:36 -9801.998438] Initial branch length optimization
[00:00:36 -6541.297289] Model parameter optimization (eps = 10.000000)
[00:00:36 -6086.899997] AUTODETECT spr round 1 (radius: 5)
[00:00:36 -6064.949285] AUTODETECT spr round 2 (radius: 10)
[00:00:36 -6063.122984] AUTODETECT spr round 3 (radius: 15)
[00:00:36 -6063.092074] SPR radius for FAST iterations: 10 (autodetect)
[00:00:36 -6063.092074] Model parameter optimization (eps = 3.000000)
[00:00:36 -6062.546581] FAST spr round 1 (radius: 10)
[00:00:36 -6061.760902] FAST spr round 2 (radius: 10)
[00:00:36 -6061.760433] Model parameter optimization (eps = 1.000000)
[00:00:36 -6061.658306] SLOW spr round 1 (radius: 5)
[00:00:37 -6061.657551] SLOW spr round 2 (radius: 10)
[00:00:37 -6061.657538] SLOW spr round 3 (radius: 15)
[00:00:38 -6061.657538] SLOW spr round 4 (radius: 20)
[00:00:38 -6061.657538] SLOW spr round 5 (radius: 25)
[00:00:38 -6061.657538] Model parameter optimization (eps = 0.100000)

[00:00:38] ML tree search #11, logLikelihood: -6061.650309

[00:00:38 -9796.889027] Initial branch length optimization
[00:00:38 -6542.691255] Model parameter optimization (eps = 10.000000)
[00:00:38 -6097.086370] AUTODETECT spr round 1 (radius: 5)
[00:00:38 -6079.097913] AUTODETECT spr round 2 (radius: 10)
[00:00:38 -6077.976005] AUTODETECT spr round 3 (radius: 15)
[00:00:38 -6077.972261] SPR radius for FAST iterations: 10 (autodetect)
[00:00:38 -6077.972261] Model parameter optimization (eps = 3.000000)
[00:00:38 -6076.433828] FAST spr round 1 (radius: 10)
[00:00:39 -6075.477706] FAST spr round 2 (radius: 10)
[00:00:39 -6075.477674] Model parameter optimization (eps = 1.000000)
[00:00:39 -6075.362964] SLOW spr round 1 (radius: 5)
[00:00:39 -6075.330035] SLOW spr round 2 (radius: 10)
[00:00:40 -6075.329719] SLOW spr round 3 (radius: 15)
[00:00:40 -6075.329713] SLOW spr round 4 (radius: 20)
[00:00:40 -6075.329712] SLOW spr round 5 (radius: 25)
[00:00:40 -6075.329712] Model parameter optimization (eps = 0.100000)

[00:00:40] ML tree search #12, logLikelihood: -6075.181126

[00:00:40 -9823.874762] Initial branch length optimization
[00:00:40 -6575.777275] Model parameter optimization (eps = 10.000000)
[00:00:40 -6123.847293] AUTODETECT spr round 1 (radius: 5)
[00:00:41 -6083.251183] AUTODETECT spr round 2 (radius: 10)
[00:00:41 -6083.249859] SPR radius for FAST iterations: 5 (autodetect)
[00:00:41 -6083.249859] Model parameter optimization (eps = 3.000000)
[00:00:41 -6081.398462] FAST spr round 1 (radius: 5)
[00:00:41 -6077.688848] FAST spr round 2 (radius: 5)
[00:00:41 -6077.688785] Model parameter optimization (eps = 1.000000)
[00:00:41 -6077.165287] SLOW spr round 1 (radius: 5)
[00:00:41 -6077.159078] SLOW spr round 2 (radius: 10)
[00:00:42 -6075.137396] SLOW spr round 3 (radius: 5)
[00:00:43 -6062.133644] SLOW spr round 4 (radius: 5)
[00:00:43 -6061.955468] SLOW spr round 5 (radius: 5)
[00:00:44 -6061.955158] SLOW spr round 6 (radius: 10)
[00:00:44 -6061.955156] SLOW spr round 7 (radius: 15)
[00:00:45 -6061.955156] SLOW spr round 8 (radius: 20)
[00:00:45 -6061.955156] SLOW spr round 9 (radius: 25)
[00:00:45 -6061.955156] Model parameter optimization (eps = 0.100000)

[00:00:45] ML tree search #13, logLikelihood: -6061.874949

[00:00:45 -9796.182362] Initial branch length optimization
[00:00:45 -6564.007725] Model parameter optimization (eps = 10.000000)
[00:00:45 -6107.814775] AUTODETECT spr round 1 (radius: 5)
[00:00:45 -6069.614365] AUTODETECT spr round 2 (radius: 10)
[00:00:45 -6067.608819] AUTODETECT spr round 3 (radius: 15)
[00:00:45 -6067.603753] SPR radius for FAST iterations: 10 (autodetect)
[00:00:45 -6067.603753] Model parameter optimization (eps = 3.000000)
[00:00:45 -6066.714775] FAST spr round 1 (radius: 10)
[00:00:46 -6062.869457] FAST spr round 2 (radius: 10)
[00:00:46 -6062.743520] FAST spr round 3 (radius: 10)
[00:00:46 -6062.026794] FAST spr round 4 (radius: 10)
[00:00:46 -6062.026391] Model parameter optimization (eps = 1.000000)
[00:00:46 -6061.880403] SLOW spr round 1 (radius: 5)
[00:00:47 -6061.879430] SLOW spr round 2 (radius: 10)
[00:00:47 -6061.879422] SLOW spr round 3 (radius: 15)
[00:00:47 -6061.879421] SLOW spr round 4 (radius: 20)
[00:00:48 -6061.879421] SLOW spr round 5 (radius: 25)
[00:00:48 -6061.879421] Model parameter optimization (eps = 0.100000)

[00:00:48] ML tree search #14, logLikelihood: -6061.873257

[00:00:48 -9825.840636] Initial branch length optimization
[00:00:48 -6578.129968] Model parameter optimization (eps = 10.000000)
[00:00:48 -6116.604074] AUTODETECT spr round 1 (radius: 5)
[00:00:48 -6063.753999] AUTODETECT spr round 2 (radius: 10)
[00:00:48 -6063.752912] SPR radius for FAST iterations: 5 (autodetect)
[00:00:48 -6063.752912] Model parameter optimization (eps = 3.000000)
[00:00:48 -6062.886927] FAST spr round 1 (radius: 5)
[00:00:48 -6061.953781] FAST spr round 2 (radius: 5)
[00:00:48 -6061.953439] Model parameter optimization (eps = 1.000000)
[00:00:48 -6061.880366] SLOW spr round 1 (radius: 5)
[00:00:49 -6061.879098] SLOW spr round 2 (radius: 10)
[00:00:49 -6061.879084] SLOW spr round 3 (radius: 15)
[00:00:50 -6061.879084] SLOW spr round 4 (radius: 20)
[00:00:50 -6061.879084] SLOW spr round 5 (radius: 25)
[00:00:50 -6061.879084] Model parameter optimization (eps = 0.100000)

[00:00:50] ML tree search #15, logLikelihood: -6061.873412

[00:00:50 -9861.509408] Initial branch length optimization
[00:00:50 -6632.051733] Model parameter optimization (eps = 10.000000)
[00:00:50 -6161.952845] AUTODETECT spr round 1 (radius: 5)
[00:00:50 -6079.548622] AUTODETECT spr round 2 (radius: 10)
[00:00:50 -6079.528233] SPR radius for FAST iterations: 5 (autodetect)
[00:00:50 -6079.528233] Model parameter optimization (eps = 3.000000)
[00:00:50 -6078.198499] FAST spr round 1 (radius: 5)
[00:00:50 -6072.152557] FAST spr round 2 (radius: 5)
[00:00:51 -6067.029269] FAST spr round 3 (radius: 5)
[00:00:51 -6062.710187] FAST spr round 4 (radius: 5)
[00:00:51 -6061.912390] FAST spr round 5 (radius: 5)
[00:00:51 -6061.912364] Model parameter optimization (eps = 1.000000)
[00:00:51 -6061.672438] SLOW spr round 1 (radius: 5)
[00:00:52 -6061.671224] SLOW spr round 2 (radius: 10)
[00:00:52 -6061.671209] SLOW spr round 3 (radius: 15)
[00:00:53 -6061.671209] SLOW spr round 4 (radius: 20)
[00:00:53 -6061.671209] SLOW spr round 5 (radius: 25)
[00:00:53 -6061.671209] Model parameter optimization (eps = 0.100000)

[00:00:53] ML tree search #16, logLikelihood: -6061.650442

[00:00:53 -9838.570833] Initial branch length optimization
[00:00:53 -6575.539458] Model parameter optimization (eps = 10.000000)
[00:00:53 -6120.423250] AUTODETECT spr round 1 (radius: 5)
[00:00:53 -6102.116996] AUTODETECT spr round 2 (radius: 10)
[00:00:53 -6102.110689] SPR radius for FAST iterations: 5 (autodetect)
[00:00:53 -6102.110689] Model parameter optimization (eps = 3.000000)
[00:00:53 -6100.360345] FAST spr round 1 (radius: 5)
[00:00:53 -6098.664421] FAST spr round 2 (radius: 5)
[00:00:53 -6098.091038] FAST spr round 3 (radius: 5)
[00:00:54 -6097.871736] FAST spr round 4 (radius: 5)
[00:00:54 -6094.089026] FAST spr round 5 (radius: 5)
[00:00:54 -6091.536651] FAST spr round 6 (radius: 5)
[00:00:54 -6090.718443] FAST spr round 7 (radius: 5)
[00:00:54 -6089.198717] FAST spr round 8 (radius: 5)
[00:00:54 -6084.184657] FAST spr round 9 (radius: 5)
[00:00:55 -6084.170391] Model parameter optimization (eps = 1.000000)
[00:00:55 -6083.017918] SLOW spr round 1 (radius: 5)
[00:00:55 -6083.016004] SLOW spr round 2 (radius: 10)
[00:00:56 -6082.096295] SLOW spr round 3 (radius: 5)
[00:00:57 -6079.168382] SLOW spr round 4 (radius: 5)
[00:00:57 -6076.505537] SLOW spr round 5 (radius: 5)
[00:00:58 -6075.292415] SLOW spr round 6 (radius: 5)
[00:00:58 -6065.597970] SLOW spr round 7 (radius: 5)
[00:00:59 -6062.297991] SLOW spr round 8 (radius: 5)
[00:00:59 -6062.297807] SLOW spr round 9 (radius: 10)
[00:01:00 -6062.297806] SLOW spr round 10 (radius: 15)
[00:01:00 -6062.297806] SLOW spr round 11 (radius: 20)
[00:01:00 -6062.297806] SLOW spr round 12 (radius: 25)
[00:01:00 -6062.297806] Model parameter optimization (eps = 0.100000)

[00:01:00] ML tree search #17, logLikelihood: -6061.874513

[00:01:00 -9789.252674] Initial branch length optimization
[00:01:00 -6555.713325] Model parameter optimization (eps = 10.000000)
[00:01:00 -6109.202632] AUTODETECT spr round 1 (radius: 5)
[00:01:00 -6084.569020] AUTODETECT spr round 2 (radius: 10)
[00:01:00 -6084.552600] SPR radius for FAST iterations: 5 (autodetect)
[00:01:00 -6084.552600] Model parameter optimization (eps = 3.000000)
[00:01:01 -6083.364836] FAST spr round 1 (radius: 5)
[00:01:01 -6074.523925] FAST spr round 2 (radius: 5)
[00:01:01 -6066.431647] FAST spr round 3 (radius: 5)
[00:01:01 -6062.054874] FAST spr round 4 (radius: 5)
[00:01:01 -6062.054608] Model parameter optimization (eps = 1.000000)
[00:01:01 -6061.676147] SLOW spr round 1 (radius: 5)
[00:01:02 -6061.674421] SLOW spr round 2 (radius: 10)
[00:01:02 -6061.674400] SLOW spr round 3 (radius: 15)
[00:01:03 -6061.674399] SLOW spr round 4 (radius: 20)
[00:01:03 -6061.674399] SLOW spr round 5 (radius: 25)
[00:01:03 -6061.674399] Model parameter optimization (eps = 0.100000)

[00:01:03] ML tree search #18, logLikelihood: -6061.650728

[00:01:03 -9802.062025] Initial branch length optimization
[00:01:03 -6538.898286] Model parameter optimization (eps = 10.000000)
[00:01:03 -6094.803882] AUTODETECT spr round 1 (radius: 5)
[00:01:03 -6083.356768] AUTODETECT spr round 2 (radius: 10)
[00:01:03 -6081.482967] AUTODETECT spr round 3 (radius: 15)
[00:01:03 -6081.479990] SPR radius for FAST iterations: 10 (autodetect)
[00:01:03 -6081.479990] Model parameter optimization (eps = 3.000000)
[00:01:03 -6079.737692] FAST spr round 1 (radius: 10)
[00:01:03 -6079.121238] FAST spr round 2 (radius: 10)
[00:01:04 -6079.022696] Model parameter optimization (eps = 1.000000)
[00:01:04 -6078.741088] SLOW spr round 1 (radius: 5)
[00:01:04 -6077.890010] SLOW spr round 2 (radius: 5)
[00:01:05 -6077.889811] SLOW spr round 3 (radius: 10)
[00:01:05 -6075.942514] SLOW spr round 4 (radius: 5)
[00:01:06 -6061.988408] SLOW spr round 5 (radius: 5)
[00:01:06 -6061.987474] SLOW spr round 6 (radius: 10)
[00:01:07 -6061.987454] SLOW spr round 7 (radius: 15)
[00:01:07 -6061.987453] SLOW spr round 8 (radius: 20)
[00:01:07 -6061.987453] SLOW spr round 9 (radius: 25)
[00:01:07 -6061.987453] Model parameter optimization (eps = 0.100000)

[00:01:07] ML tree search #19, logLikelihood: -6061.872926

[00:01:07 -9858.577640] Initial branch length optimization
[00:01:07 -6589.546325] Model parameter optimization (eps = 10.000000)
[00:01:08 -6117.897431] AUTODETECT spr round 1 (radius: 5)
[00:01:08 -6079.526198] AUTODETECT spr round 2 (radius: 10)
[00:01:08 -6079.525014] SPR radius for FAST iterations: 5 (autodetect)
[00:01:08 -6079.525014] Model parameter optimization (eps = 3.000000)
[00:01:08 -6078.585859] FAST spr round 1 (radius: 5)
[00:01:08 -6078.548447] Model parameter optimization (eps = 1.000000)
[00:01:08 -6078.427507] SLOW spr round 1 (radius: 5)
[00:01:08 -6068.674073] SLOW spr round 2 (radius: 5)
[00:01:09 -6062.240695] SLOW spr round 3 (radius: 5)
[00:01:09 -6062.240452] SLOW spr round 4 (radius: 10)
[00:01:10 -6062.240451] SLOW spr round 5 (radius: 15)
[00:01:10 -6062.240451] SLOW spr round 6 (radius: 20)
[00:01:10 -6062.240451] SLOW spr round 7 (radius: 25)
[00:01:10 -6062.240451] Model parameter optimization (eps = 0.100000)

[00:01:10] ML tree search #20, logLikelihood: -6061.873348


Optimized model parameters:

   Partition 0: noname
   Rate heterogeneity: GAMMA (4 cats, mean),  alpha: 0.123801 (ML),  weights&rates: (0.250000,0.000008) (0.250000,0.004069) (0.250000,0.162306) (0.250000,3.833617) 
   Base frequencies (ML): 0.263394 0.222083 0.293155 0.221368 
   Substitution rates (ML): 1.537889 4.698777 1.480605 0.448529 7.206801 1.000000 

Final LogLikelihood: -6061.650309

AIC score: 12363.300617 / AICc score: 12383.369726 / BIC score: 13006.207361
Free parameters (model + branch lengths): 120

All ML trees saved to: /home/amruta03/eeob563/eeob563/16SrRNA_files/O1.raxml.mlTrees
Best ML tree saved to: /home/amruta03/eeob563/eeob563/16SrRNA_files/O1.raxml.bestTree
Optimized model saved to: /home/amruta03/eeob563/eeob563/16SrRNA_files/O1.raxml.bestModel

Execution log saved to: /home/amruta03/eeob563/eeob563/16SrRNA_files/O1.raxml.log

Analysis started: 14-Apr-2019 17:03:32 / finished: 14-Apr-2019 17:04:43

Elapsed time: 70.797 seconds

